03:14:14,764 [main] DEBUG org.flowable.engine.impl.persistence.entity.ExecutionEntityImpl.selectExecution  - <==      Total: 1
03:14:14,768 [main] DEBUG org.flowable.task.service.impl.persistence.entity.HistoricTaskInstanceEntityImpl.insertHistoricTaskInstance  - ==>  Preparing: insert into ACT_HI_TASKINST ( ID_, REV_, TASK_DEF_ID_, PROC_DEF_ID_, PROC_INST_ID_, EXECUTION_ID_, SCOPE_ID_, SUB_SCOPE_ID_, SCOPE_TYPE_, SCOPE_DEFINITION_ID_, NAME_, PARENT_TASK_ID_, DESCRIPTION_, OWNER_, ASSIGNEE_, START_TIME_, CLAIM_TIME_, END_TIME_, DURATION_, DELETE_REASON_, TASK_DEF_KEY_, FORM_KEY_, PRIORITY_, DUE_DATE_, CATEGORY_, TENANT_ID_, LAST_UPDATED_TIME_ ) values ( ?, 1, ?, ?, ?, ?, ?, ?, ?, ?, ?, ?, ?, ?, ?, ?, ?, ?, ?, ?, ?, ?, ?, ?, ?, ?, ? )
03:14:14,770 [main] DEBUG org.flowable.task.service.impl.persistence.entity.HistoricTaskInstanceEntityImpl.insertHistoricTaskInstance  - ==> Parameters: 52002(String), null, leave:1:47004(String), 49501(String), 49502(String), null, null, null, null, 审批【部门经理】(String), null, null, null, 李四(String), 2018-11-10 15:14:14.758(Timestamp), null, null, null, null, _4(String), null, 50(Integer), null, null, (String), 2018-11-10 15:14:14.758(Timestamp)
03:14:14,771 [main] DEBUG org.flowable.task.service.impl.persistence.entity.HistoricTaskInstanceEntityImpl.insertHistoricTaskInstance  - <==    Updates: 1
03:14:14,771 [main] DEBUG org.flowable.engine.impl.persistence.entity.HistoricActivityInstanceEntityImpl.insertHistoricActivityInstance  - ==>  Preparing: insert into ACT_HI_ACTINST ( ID_, REV_, PROC_DEF_ID_, PROC_INST_ID_, EXECUTION_ID_, ACT_ID_, TASK_ID_, CALL_PROC_INST_ID_, ACT_NAME_, ACT_TYPE_, ASSIGNEE_, START_TIME_, END_TIME_, DURATION_, DELETE_REASON_, TENANT_ID_ ) values ( ?, 1, ?, ?, ?, ?, ?, ?, ?, ?, ?, ?, ?, ?, ?, ? )
03:14:14,773 [main] DEBUG org.flowable.engine.impl.persistence.entity.HistoricActivityInstanceEntityImpl.insertHistoricActivityInstance  - ==> Parameters: 52001(String), leave:1:47004(String), 49501(String), 49502(String), _4(String), 52002(String), null, 审批【部门经理】(String), userTask(String), 李四(String), 2018-11-10 15:14:14.739(Timestamp), null, null, null, (String)
03:14:14,773 [main] DEBUG org.flowable.engine.impl.persistence.entity.HistoricActivityInstanceEntityImpl.insertHistoricActivityInstance  - <==    Updates: 1
03:14:14,779 [main] DEBUG org.flowable.task.service.impl.persistence.entity.TaskEntityImpl.insertTask  - ==>  Preparing: insert into ACT_RU_TASK (ID_, REV_, NAME_, PARENT_TASK_ID_, DESCRIPTION_, PRIORITY_, CREATE_TIME_, OWNER_, ASSIGNEE_, DELEGATION_, EXECUTION_ID_, PROC_INST_ID_, PROC_DEF_ID_, TASK_DEF_ID_, SCOPE_ID_, SUB_SCOPE_ID_, SCOPE_TYPE_, SCOPE_DEFINITION_ID_, TASK_DEF_KEY_, DUE_DATE_, CATEGORY_, SUSPENSION_STATE_, TENANT_ID_, FORM_KEY_, CLAIM_TIME_, IS_COUNT_ENABLED_, VAR_COUNT_, ID_LINK_COUNT_, SUB_TASK_COUNT_) values (?, 1, ?, ?, ?, ?, ?, ?, ?, ?, ?, ?, ?, ?, ?, ?, ?, ?, ?, ?, ?, ?, ?, ?, ?, ?, ?, ?, ? )
03:14:14,781 [main] DEBUG org.flowable.task.service.impl.persistence.entity.TaskEntityImpl.insertTask  - ==> Parameters: 52002(String), 审批【部门经理】(String), null, null, 50(Integer), 2018-11-10 15:14:14.739(Timestamp), null, 李四(String), null, 49502(String), 49501(String), leave:1:47004(String), null, null, null, null, null, _4(String), null, null, 1(Integer), (String), null, null, true(Boolean), 0(Integer), 0(Integer), 0(Integer)
03:14:14,782 [main] DEBUG org.flowable.task.service.impl.persistence.entity.TaskEntityImpl.insertTask  - <==    Updates: 1
03:14:14,792 [main] DEBUG org.flowable.task.service.impl.persistence.entity.HistoricTaskInstanceEntityImpl.updateHistoricTaskInstance  - ==>  Preparing: update ACT_HI_TASKINST SET REV_ = ?, END_TIME_ = ?, DURATION_ = ?, LAST_UPDATED_TIME_ = ? where ID_ = ? and REV_ = ?
03:14:14,793 [main] DEBUG org.flowable.task.service.impl.persistence.entity.HistoricTaskInstanceEntityImpl.updateHistoricTaskInstance  - ==> Parameters: 2(Integer), 2018-11-10 15:14:14.699(Timestamp), 1989733(Long), 2018-11-10 15:14:14.699(Timestamp), 49505(String), 1(Integer)
03:14:14,793 [main] DEBUG org.flowable.task.service.impl.persistence.entity.HistoricTaskInstanceEntityImpl.updateHistoricTaskInstance  - <==    Updates: 1
03:14:14,795 [main] DEBUG org.flowable.engine.impl.persistence.entity.HistoricActivityInstanceEntityImpl.updateHistoricActivityInstance  - ==>  Preparing: update ACT_HI_ACTINST SET REV_ = ?, PROC_DEF_ID_ = ?, END_TIME_ = ?, DURATION_ = ? where ID_ = ? and REV_ = ?
03:14:14,795 [main] DEBUG org.flowable.engine.impl.persistence.entity.HistoricActivityInstanceEntityImpl.updateHistoricActivityInstance  - ==> Parameters: 2(Integer), leave:1:47004(String), 2018-11-10 15:14:14.711(Timestamp), 1989764(Long), 49504(String), 1(Integer)
03:14:14,797 [main] DEBUG org.flowable.engine.impl.persistence.entity.HistoricActivityInstanceEntityImpl.updateHistoricActivityInstance  - <==    Updates: 1
03:14:14,801 [main] DEBUG org.flowable.engine.impl.persistence.entity.ExecutionEntityImpl.updateExecution  - ==>  Preparing: update ACT_RU_EXECUTION SET REV_ = ?, ACT_ID_ = ? where ID_ = ? and REV_ = ?
03:14:14,801 [main] DEBUG org.flowable.engine.impl.persistence.entity.ExecutionEntityImpl.updateExecution  - ==> Parameters: 2(Integer), _4(String), 49502(String), 1(Integer)
03:14:14,802 [main] DEBUG org.flowable.engine.impl.persistence.entity.ExecutionEntityImpl.updateExecution  - <==    Updates: 1
03:14:14,802 [main] DEBUG org.flowable.task.service.impl.persistence.entity.TaskEntityImpl.deleteTask  - ==>  Preparing: delete from ACT_RU_TASK where ID_ = ? and REV_ = ?
03:14:14,802 [main] DEBUG org.flowable.task.service.impl.persistence.entity.TaskEntityImpl.deleteTask  - ==> Parameters: 49505(String), 1(Integer)
03:14:14,803 [main] DEBUG org.flowable.task.service.impl.persistence.entity.TaskEntityImpl.deleteTask  - <==    Updates: 1
03:14:14,818 [Thread-1] INFO  com.alibaba.druid.pool.DruidDataSource  - {dataSource-1} closed

Process finished with exit code 0
